d:\filrouge\game\win32project1\debug\vc120.pdb
d:\filrouge\game\win32project1\debug\vc120.idb
d:\filrouge\game\win32project1\debug\character.obj
d:\filrouge\game\win32project1\debug\charstate.obj
d:\filrouge\game\win32project1\debug\gamestate.obj
d:\filrouge\game\win32project1\debug\glidestate.obj
d:\filrouge\game\win32project1\debug\ingame.obj
d:\filrouge\game\win32project1\debug\jumpstate.obj
d:\filrouge\game\win32project1\debug\map.obj
d:\filrouge\game\win32project1\debug\platform.obj
d:\filrouge\game\win32project1\debug\runstate.obj
d:\filrouge\game\win32project1\debug\source.obj
d:\filrouge\game\debug\lemeilleurjeudumonde.ilk
d:\filrouge\game\debug\lemeilleurjeudumonde.exe
d:\filrouge\game\debug\lemeilleurjeudumonde.pdb
d:\filrouge\game\win32project1\debug\lemeilleurjeudumonde.res
d:\filrouge\game\win32project1\debug\lemeille.36a512d0.tlog\cl.command.1.tlog
d:\filrouge\game\win32project1\debug\lemeille.36a512d0.tlog\cl.read.1.tlog
d:\filrouge\game\win32project1\debug\lemeille.36a512d0.tlog\cl.write.1.tlog
d:\filrouge\game\win32project1\debug\lemeille.36a512d0.tlog\link.command.1.tlog
d:\filrouge\game\win32project1\debug\lemeille.36a512d0.tlog\link.read.1.tlog
d:\filrouge\game\win32project1\debug\lemeille.36a512d0.tlog\link.write.1.tlog
d:\filrouge\game\win32project1\debug\lemeille.36a512d0.tlog\rc.command.1.tlog
d:\filrouge\game\win32project1\debug\lemeille.36a512d0.tlog\rc.read.1.tlog
d:\filrouge\game\win32project1\debug\lemeille.36a512d0.tlog\rc.write.1.tlog
