La génération a démarré 09/05/2015 18:01:51.
     1>Projet "D:\FilRouge\Game\Win32Project1\Win32Project1.vcxproj" sur le nœud 2 (Build cible(s)).
     1>ClCompile:
         C:\Program Files (x86)\Microsoft Visual Studio 12.0\VC\bin\CL.exe /c /ID:\FilRouge\Game\Win32Project1\headers /I"D:\programmation\SFML-2.2\include" /ZI /nologo /W3 /WX- /sdl /Od /Oy- /D WIN32 /D _DEBUG /D _WINDOWS /D _UNICODE /D UNICODE /Gm /EHsc /RTC1 /MDd /GS /fp:precise /Zc:wchar_t /Zc:forScope /Fo"Debug\\" /Fd"Debug\vc120.pdb" /Gd /TP /analyze- /errorReport:prompt src\Map.cpp
         Map.cpp
     1>d:\filrouge\game\win32project1\src\map.cpp(23): warning C4244: 'argument' : conversion de 'const int' en 'float', perte possible de données
     1>d:\filrouge\game\win32project1\src\map.cpp(33): warning C4244: 'argument' : conversion de 'int' en 'float', perte possible de données
     1>d:\filrouge\game\win32project1\src\map.cpp(38): warning C4244: 'argument' : conversion de 'int' en 'float', perte possible de données
     1>d:\filrouge\game\win32project1\src\map.cpp(43): warning C4244: 'argument' : conversion de 'int' en 'float', perte possible de données
     1>d:\filrouge\game\win32project1\src\map.cpp(48): warning C4244: 'argument' : conversion de 'int' en 'float', perte possible de données
     1>d:\filrouge\game\win32project1\src\map.cpp(53): warning C4244: 'argument' : conversion de 'int' en 'float', perte possible de données
     1>d:\filrouge\game\win32project1\src\map.cpp(58): warning C4244: 'argument' : conversion de 'int' en 'float', perte possible de données
     1>d:\filrouge\game\win32project1\src\map.cpp(63): warning C4244: 'argument' : conversion de 'int' en 'float', perte possible de données
     1>d:\filrouge\game\win32project1\src\map.cpp(68): warning C4244: 'argument' : conversion de 'int' en 'float', perte possible de données
     1>d:\filrouge\game\win32project1\src\map.cpp(73): warning C4244: 'argument' : conversion de 'int' en 'float', perte possible de données
     1>d:\filrouge\game\win32project1\src\map.cpp(78): warning C4244: 'argument' : conversion de 'int' en 'float', perte possible de données
     1>d:\filrouge\game\win32project1\src\map.cpp(84): warning C4244: 'argument' : conversion de 'int' en 'float', perte possible de données
     1>d:\filrouge\game\win32project1\src\map.cpp(90): warning C4244: 'argument' : conversion de 'int' en 'float', perte possible de données
     1>d:\filrouge\game\win32project1\src\map.cpp(96): warning C4244: 'argument' : conversion de 'int' en 'float', perte possible de données
     1>d:\filrouge\game\win32project1\src\map.cpp(102): warning C4244: 'argument' : conversion de 'int' en 'float', perte possible de données
     1>d:\filrouge\game\win32project1\src\map.cpp(108): warning C4244: 'argument' : conversion de 'int' en 'float', perte possible de données
     1>d:\filrouge\game\win32project1\src\map.cpp(114): warning C4244: 'argument' : conversion de 'int' en 'float', perte possible de données
     1>d:\filrouge\game\win32project1\src\map.cpp(176): warning C4244: 'argument' : conversion de 'int' en 'float', perte possible de données
       Link:
         C:\Program Files (x86)\Microsoft Visual Studio 12.0\VC\bin\link.exe /ERRORREPORT:PROMPT /OUT:"D:\FilRouge\Game\Debug\LeMeilleurJeuDuMonde.exe" /INCREMENTAL /NOLOGO /LIBPATH:"D:\programmation\SFML-2.2\lib" "sfml-main-d.lib" "sfml-graphics-d.lib" "sfml-window-d.lib" "sfml-system-d.lib" "sfml-audio-d.lib" "sfml-network-d.lib" kernel32.lib user32.lib gdi32.lib winspool.lib comdlg32.lib advapi32.lib shell32.lib ole32.lib oleaut32.lib uuid.lib odbc32.lib odbccp32.lib /MANIFEST /MANIFESTUAC:"level='asInvoker' uiAccess='false'" /manifest:embed /DEBUG /PDB:"D:\FilRouge\Game\Debug\LeMeilleurJeuDuMonde.pdb" /SUBSYSTEM:CONSOLE /TLBID:1 /DYNAMICBASE /NXCOMPAT /IMPLIB:"D:\FilRouge\Game\Debug\LeMeilleurJeuDuMonde.lib" /MACHINE:X86 Debug\LeMeilleurJeuDuMonde.res
         Debug\Character.obj
         Debug\CharState.obj
         Debug\GameState.obj
         Debug\GlideState.obj
         Debug\InGame.obj
         Debug\JumpState.obj
         Debug\Map.obj
         Debug\Platform.obj
         Debug\RunState.obj
         Debug\Source.obj
         Debug\stdafx.obj
         Debug\tinystr.obj
         Debug\tinyxml.obj
         Debug\tinyxmlerror.obj
         Debug\tinyxmlparser.obj
         Debug\XMLReader.obj
         Debug\XMLWriter.obj
         Win32Project1.vcxproj -> D:\FilRouge\Game\Debug\LeMeilleurJeuDuMonde.exe
     1>Génération du projet "D:\FilRouge\Game\Win32Project1\Win32Project1.vcxproj" terminée (Build cible(s)).

La génération a réussi.

Temps écoulé 00:00:00.72
